\BOOKMARK [1][-]{chapter*.2}{Abstract}{}% 1
\BOOKMARK [1][-]{chapter*.3}{Acknowledgement}{}% 2
\BOOKMARK [1][-]{chapter*.3}{LIST OF TABLES}{}% 3
\BOOKMARK [1][-]{chapter*.3}{LIST OF FIGURES}{}% 4
\BOOKMARK [1][-]{chapter*.4}{LIST OF SYMBOLS AND ABBREVIATIONS}{}% 5
\BOOKMARK [0][-]{chapter.1}{Introduction}{}% 6
\BOOKMARK [1][-]{section.1.1}{ Section 1}{chapter.1}% 7
\BOOKMARK [1][-]{section.1.2}{ Section 2}{chapter.1}% 8
\BOOKMARK [2][-]{subsection.1.2.1}{ Subsection 1}{section.1.2}% 9
\BOOKMARK [2][-]{subsection.1.2.2}{ Subsection 2}{section.1.2}% 10
\BOOKMARK [0][-]{chapter.2}{Literature Survey}{}% 11
\BOOKMARK [0][-]{chapter.3}{Synthetic use}{}% 12
\BOOKMARK [0][-]{chapter.4}{Comparison}{}% 13
\BOOKMARK [0][-]{chapter.5}{Applications}{}% 14
\BOOKMARK [0][-]{chapter.6}{Conclusion}{}% 15
\BOOKMARK [0][-]{section*.5}{APPENDIX}{}% 16
\BOOKMARK [0][-]{appendix.A}{Topic 1}{}% 17
\BOOKMARK [1][-]{section.A.1}{ Section 1}{appendix.A}% 18
\BOOKMARK [1][-]{section.A.2}{ Section 2}{appendix.A}% 19
\BOOKMARK [0][-]{appendix.B}{Topic2}{}% 20
\BOOKMARK [0][-]{appendix.C}{Topic3}{}% 21
\BOOKMARK [0][-]{section*.6}{REFERENCES}{}% 22
